<?xml version="1.0" encoding="UTF-8"?>
<!-- Generated by org.testng.reporters.JUnitReportReporter -->
<testsuite hostname="10X-Sivaram" name="com.naukri.testcases.TC1" tests="1" failures="0" timestamp="3 Aug 2016 12:26:18 GMT" time="20.081" errors="0">
  <testcase name="l" time="20.081" classname="com.naukri.testcases.TC1"/>
</testsuite> <!-- com.naukri.testcases.TC1 -->
