<?xml version="1.0" encoding="UTF-8"?>
<!-- Generated by org.testng.reporters.JUnitReportReporter -->
<testsuite hostname="mananya-PC" name="com.sample.jenkinstest.Sample" tests="1" failures="0" timestamp="2 Aug 2016 16:40:36 GMT" time="31.407" errors="0">
  <testcase name="f" time="31.407" classname="com.sample.jenkinstest.Sample"/>
</testsuite> <!-- com.sample.jenkinstest.Sample -->
