<?xml version="1.0" encoding="UTF-8"?>
<!-- Generated by org.testng.reporters.JUnitReportReporter -->
<testsuite hostname="mananya-PC" name="com.naukri.testcases.TC1" tests="1" failures="0" timestamp="3 Aug 2016 07:10:36 GMT" time="25.453" errors="0">
  <testcase name="l" time="25.453" classname="com.naukri.testcases.TC1"/>
</testsuite> <!-- com.naukri.testcases.TC1 -->
